<?xml version="1.0" encoding="UTF-8"?>
<!-- Generated by org.testng.reporters.JUnitReportReporter -->
<testsuite hostname="Vishal" failures="0" tests="3" name="RunTest.TestClass" time="161.814" errors="0" timestamp="2022-02-09T10:46:27 IST" skipped="0">
  <testcase classname="RunTest.TestClass" name="getHospitalNames" time="51.515"/>
  <system-out/>
  <testcase classname="RunTest.TestClass" name="CopWelleness" time="105.370"/>
  <system-out/>
  <testcase classname="RunTest.TestClass" name="Diagnosticpage" time="4.929"/>
  <system-out/>
</testsuite> <!-- RunTest.TestClass -->
