<?xml version="1.0" encoding="UTF-8"?>
<!-- Generated by org.testng.reporters.JUnitReportReporter -->
<testsuite skipped="0" hostname="Vishal" name="RunTest.TestClass" tests="3" failures="0" timestamp="2022-02-09T10:36:21 IST" time="130.199" errors="0">
  <testcase name="getHospitalNames" time="39.100" classname="RunTest.TestClass"/>
  <system-out/>
  <testcase name="CopWelleness" time="84.309" classname="RunTest.TestClass"/>
  <system-out/>
  <testcase name="Diagnosticpage" time="6.790" classname="RunTest.TestClass"/>
  <system-out/>
</testsuite> <!-- RunTest.TestClass -->
